[0m20:07:13.737889 [debug] [MainThread]: Sending event: {'category': 'dbt', 'action': 'invocation', 'label': 'start', 'context': [<snowplow_tracker.self_describing_json.SelfDescribingJson object at 0x105c83b90>, <snowplow_tracker.self_describing_json.SelfDescribingJson object at 0x111154b60>, <snowplow_tracker.self_describing_json.SelfDescribingJson object at 0x111154800>]}


============================== 20:07:13.741229 | b0ed2fce-13fe-44ef-acab-3992b4cf81e7 ==============================
[0m20:07:13.741229 [info ] [MainThread]: Running with dbt=1.8.8
[0m20:07:13.741594 [debug] [MainThread]: running dbt with arguments {'printer_width': '80', 'indirect_selection': 'eager', 'write_json': 'True', 'log_cache_events': 'False', 'partial_parse': 'True', 'cache_selected_only': 'False', 'profiles_dir': '/Users/fabio/.dbt', 'fail_fast': 'False', 'version_check': 'True', 'log_path': 'logs', 'debug': 'False', 'warn_error': 'None', 'use_colors': 'True', 'use_experimental_parser': 'False', 'no_print': 'None', 'quiet': 'False', 'empty': 'None', 'log_format': 'default', 'invocation_command': 'dbt init dbt_project', 'warn_error_options': 'WarnErrorOptions(include=[], exclude=[])', 'static_parser': 'True', 'target_path': 'None', 'introspect': 'True', 'send_anonymous_usage_stats': 'True'}
[0m20:07:13.751337 [debug] [MainThread]: Starter project path: /Users/fabio/miniforge3/envs/dagster-mflix/lib/python3.12/site-packages/dbt/include/starter_project
[0m20:07:13.755893 [info ] [MainThread]: 
Your new dbt project "dbt_project" was created!

For more information on how to configure the profiles.yml file,
please consult the dbt documentation here:

  https://docs.getdbt.com/docs/configure-your-profile

One more thing:

Need help? Don't hesitate to reach out to us via GitHub issues or on Slack:

  https://community.getdbt.com/

Happy modeling!

[0m20:07:13.756136 [info ] [MainThread]: Setting up your profile.
[0m20:08:00.632979 [info ] [MainThread]: Profile dbt_project written to /Users/fabio/.dbt/profiles.yml using target's profile_template.yml and your supplied values. Run 'dbt debug' to validate the connection.
[0m20:08:00.949583 [debug] [MainThread]: Resource report: {"command_name": "init", "command_success": true, "command_wall_clock_time": 47.267097, "process_user_time": 1.260652, "process_kernel_time": 0.317826, "process_mem_max_rss": "194461696", "process_in_blocks": "0", "process_out_blocks": "0"}
[0m20:08:00.951356 [debug] [MainThread]: Command `dbt init` succeeded at 20:08:00.951071 after 47.27 seconds
[0m20:08:00.952596 [debug] [MainThread]: Sending event: {'category': 'dbt', 'action': 'invocation', 'label': 'end', 'context': [<snowplow_tracker.self_describing_json.SelfDescribingJson object at 0x103778500>, <snowplow_tracker.self_describing_json.SelfDescribingJson object at 0x12278c920>, <snowplow_tracker.self_describing_json.SelfDescribingJson object at 0x12151be90>]}
[0m20:08:00.953792 [debug] [MainThread]: Flushing usage events
